<?xml version="1.0" encoding="UTF-8"?>
<!-- Generated by org.testng.reporters.JUnitXMLReporter -->
<testsuite hostname="DESKTOP-Q6OH7OD" ignored="0" name="Test" tests="1" failures="1" timestamp="22 Jan 2021 08:53:40 GMT" time="97.398" errors="0">
  <testcase name="Widget" time="69.673" classname="sanityrun.SanityCases">
    <failure type="org.openqa.selenium.InvalidElementStateException" message="Cannot perform TouchMove action at (540, 192)
Build info: version: &amp;apos;3.141.59&amp;apos;, revision: &amp;apos;e82be7d358&amp;apos;, time: &amp;apos;2018-11-14T08:17:03&amp;apos;
System info: host: &amp;apos;DESKTOP-Q6OH7OD&amp;apos;, ip: &amp;apos;192.168.0.105&amp;apos;, os.name: &amp;apos;Windows 10&amp;apos;, os.arch: &amp;apos;amd64&amp;apos;, os.version: &amp;apos;10.0&amp;apos;, java.version: &amp;apos;1.8.0_181&amp;apos;
Driver info: io.appium.java_client.AppiumDriver
Capabilities {appActivity: com.americana.me.ui.onboard..., appPackage: com.kfc.me, databaseEnabled: false, desired: {appActivity: com.americana.me.ui.onboard..., appPackage: com.kfc.me, deviceName: Galaxy A7, newCommandTimeout: 450, platformName: android, platformVersion: 8.0.0, session-override: true}, deviceApiLevel: 26, deviceManufacturer: samsung, deviceModel: SM-A720F, deviceName: 521055efe20b2443, deviceScreenDensity: 420, deviceScreenSize: 1080x1920, deviceUDID: 521055efe20b2443, javascriptEnabled: true, locationContextEnabled: false, networkConnectionEnabled: true, newCommandTimeout: 450, pixelRatio: 2.625, platform: LINUX, platformName: Android, platformVersion: 8.0.0, session-override: true, statBarHeight: 63, takesScreenshot: true, viewportRect: {height: 1857, left: 0, top: 63, width: 1080}, warnings: {}, webStorageEnabled: false}
Session ID: 8770bc8f-82c9-4f93-a050-a19ec15da994">
      <![CDATA[org.openqa.selenium.InvalidElementStateException: Cannot perform TouchMove action at (540, 192)
Build info: version: '3.141.59', revision: 'e82be7d358', time: '2018-11-14T08:17:03'
System info: host: 'DESKTOP-Q6OH7OD', ip: '192.168.0.105', os.name: 'Windows 10', os.arch: 'amd64', os.version: '10.0', java.version: '1.8.0_181'
Driver info: io.appium.java_client.AppiumDriver
Capabilities {appActivity: com.americana.me.ui.onboard..., appPackage: com.kfc.me, databaseEnabled: false, desired: {appActivity: com.americana.me.ui.onboard..., appPackage: com.kfc.me, deviceName: Galaxy A7, newCommandTimeout: 450, platformName: android, platformVersion: 8.0.0, session-override: true}, deviceApiLevel: 26, deviceManufacturer: samsung, deviceModel: SM-A720F, deviceName: 521055efe20b2443, deviceScreenDensity: 420, deviceScreenSize: 1080x1920, deviceUDID: 521055efe20b2443, javascriptEnabled: true, locationContextEnabled: false, networkConnectionEnabled: true, newCommandTimeout: 450, pixelRatio: 2.625, platform: LINUX, platformName: Android, platformVersion: 8.0.0, session-override: true, statBarHeight: 63, takesScreenshot: true, viewportRect: {height: 1857, left: 0, top: 63, width: 1080}, warnings: {}, webStorageEnabled: false}
Session ID: 8770bc8f-82c9-4f93-a050-a19ec15da994
at org.openqa.selenium.remote.http.W3CHttpResponseCodec.createException(W3CHttpResponseCodec.java:187)
at org.openqa.selenium.remote.http.W3CHttpResponseCodec.decode(W3CHttpResponseCodec.java:122)
at org.openqa.selenium.remote.http.W3CHttpResponseCodec.decode(W3CHttpResponseCodec.java:49)
at org.openqa.selenium.remote.HttpCommandExecutor.execute(HttpCommandExecutor.java:158)
at io.appium.java_client.remote.AppiumCommandExecutor.execute(AppiumCommandExecutor.java:239)
at org.openqa.selenium.remote.RemoteWebDriver.execute(RemoteWebDriver.java:552)
at io.appium.java_client.DefaultGenericMobileDriver.execute(DefaultGenericMobileDriver.java:41)
at io.appium.java_client.AppiumDriver.execute(AppiumDriver.java:1)
at io.appium.java_client.PerformsTouchActions.performTouchAction(PerformsTouchActions.java:41)
at io.appium.java_client.TouchAction.perform(TouchAction.java:187)
at utils.Utility.swipeToBottom1(Utility.java:177)
at sanity.SanityRuncases.widget(SanityRuncases.java:562)
at sanityrun.SanityCases.Widget(SanityCases.java:31)
... Removed 29 stack frames]]>
    </failure>
  </testcase> <!-- Widget -->
</testsuite> <!-- Test -->
