<?xml version="1.0" encoding="UTF-8"?>
<testng-results skipped="0" failed="1" ignored="0" total="1" passed="0">
  <reporter-output>
  </reporter-output>
  <suite name="Suite" duration-ms="97398" started-at="2021-01-22T08:52:02Z" finished-at="2021-01-22T08:53:40Z">
    <groups>
    </groups>
    <test name="Test" duration-ms="97398" started-at="2021-01-22T08:52:02Z" finished-at="2021-01-22T08:53:40Z">
      <class name="sanityrun.SanityCases">
        <test-method status="PASS" signature="Launchapp()[pri:0, instance:sanityrun.SanityCases@2473d930]" name="Launchapp" is-config="true" duration-ms="23754" started-at="2021-01-22T08:52:02Z" finished-at="2021-01-22T08:52:26Z">
          <reporter-output>
          </reporter-output>
        </test-method> <!-- Launchapp -->
        <test-method status="FAIL" signature="Widget()[pri:1, instance:sanityrun.SanityCases@2473d930]" name="Widget" duration-ms="69673" started-at="2021-01-22T08:52:26Z" finished-at="2021-01-22T08:53:36Z">
          <exception class="org.openqa.selenium.InvalidElementStateException">
            <message>
              <![CDATA[Cannot perform TouchMove action at (540, 192)
Build info: version: '3.141.59', revision: 'e82be7d358', time: '2018-11-14T08:17:03'
System info: host: 'DESKTOP-Q6OH7OD', ip: '192.168.0.105', os.name: 'Windows 10', os.arch: 'amd64', os.version: '10.0', java.version: '1.8.0_181'
Driver info: io.appium.java_client.AppiumDriver
Capabilities {appActivity: com.americana.me.ui.onboard..., appPackage: com.kfc.me, databaseEnabled: false, desired: {appActivity: com.americana.me.ui.onboard..., appPackage: com.kfc.me, deviceName: Galaxy A7, newCommandTimeout: 450, platformName: android, platformVersion: 8.0.0, session-override: true}, deviceApiLevel: 26, deviceManufacturer: samsung, deviceModel: SM-A720F, deviceName: 521055efe20b2443, deviceScreenDensity: 420, deviceScreenSize: 1080x1920, deviceUDID: 521055efe20b2443, javascriptEnabled: true, locationContextEnabled: false, networkConnectionEnabled: true, newCommandTimeout: 450, pixelRatio: 2.625, platform: LINUX, platformName: Android, platformVersion: 8.0.0, session-override: true, statBarHeight: 63, takesScreenshot: true, viewportRect: {height: 1857, left: 0, top: 63, width: 1080}, warnings: {}, webStorageEnabled: false}
Session ID: 8770bc8f-82c9-4f93-a050-a19ec15da994]]>
            </message>
            <full-stacktrace>
              <![CDATA[org.openqa.selenium.InvalidElementStateException: Cannot perform TouchMove action at (540, 192)
Build info: version: '3.141.59', revision: 'e82be7d358', time: '2018-11-14T08:17:03'
System info: host: 'DESKTOP-Q6OH7OD', ip: '192.168.0.105', os.name: 'Windows 10', os.arch: 'amd64', os.version: '10.0', java.version: '1.8.0_181'
Driver info: io.appium.java_client.AppiumDriver
Capabilities {appActivity: com.americana.me.ui.onboard..., appPackage: com.kfc.me, databaseEnabled: false, desired: {appActivity: com.americana.me.ui.onboard..., appPackage: com.kfc.me, deviceName: Galaxy A7, newCommandTimeout: 450, platformName: android, platformVersion: 8.0.0, session-override: true}, deviceApiLevel: 26, deviceManufacturer: samsung, deviceModel: SM-A720F, deviceName: 521055efe20b2443, deviceScreenDensity: 420, deviceScreenSize: 1080x1920, deviceUDID: 521055efe20b2443, javascriptEnabled: true, locationContextEnabled: false, networkConnectionEnabled: true, newCommandTimeout: 450, pixelRatio: 2.625, platform: LINUX, platformName: Android, platformVersion: 8.0.0, session-override: true, statBarHeight: 63, takesScreenshot: true, viewportRect: {height: 1857, left: 0, top: 63, width: 1080}, warnings: {}, webStorageEnabled: false}
Session ID: 8770bc8f-82c9-4f93-a050-a19ec15da994
at sun.reflect.NativeConstructorAccessorImpl.newInstance0(Native Method)
at sun.reflect.NativeConstructorAccessorImpl.newInstance(NativeConstructorAccessorImpl.java:62)
at sun.reflect.DelegatingConstructorAccessorImpl.newInstance(DelegatingConstructorAccessorImpl.java:45)
at java.lang.reflect.Constructor.newInstance(Constructor.java:423)
at org.openqa.selenium.remote.http.W3CHttpResponseCodec.createException(W3CHttpResponseCodec.java:187)
at org.openqa.selenium.remote.http.W3CHttpResponseCodec.decode(W3CHttpResponseCodec.java:122)
at org.openqa.selenium.remote.http.W3CHttpResponseCodec.decode(W3CHttpResponseCodec.java:49)
at org.openqa.selenium.remote.HttpCommandExecutor.execute(HttpCommandExecutor.java:158)
at io.appium.java_client.remote.AppiumCommandExecutor.execute(AppiumCommandExecutor.java:239)
at org.openqa.selenium.remote.RemoteWebDriver.execute(RemoteWebDriver.java:552)
at io.appium.java_client.DefaultGenericMobileDriver.execute(DefaultGenericMobileDriver.java:41)
at io.appium.java_client.AppiumDriver.execute(AppiumDriver.java:1)
at io.appium.java_client.PerformsTouchActions.performTouchAction(PerformsTouchActions.java:41)
at io.appium.java_client.TouchAction.perform(TouchAction.java:187)
at utils.Utility.swipeToBottom1(Utility.java:177)
at sanity.SanityRuncases.widget(SanityRuncases.java:562)
at sanityrun.SanityCases.Widget(SanityCases.java:31)
at sun.reflect.NativeMethodAccessorImpl.invoke0(Native Method)
at sun.reflect.NativeMethodAccessorImpl.invoke(NativeMethodAccessorImpl.java:62)
at sun.reflect.DelegatingMethodAccessorImpl.invoke(DelegatingMethodAccessorImpl.java:43)
at java.lang.reflect.Method.invoke(Method.java:498)
at org.testng.internal.MethodInvocationHelper.invokeMethod(MethodInvocationHelper.java:124)
at org.testng.internal.Invoker.invokeMethod(Invoker.java:580)
at org.testng.internal.Invoker.invokeTestMethod(Invoker.java:716)
at org.testng.internal.Invoker.invokeTestMethods(Invoker.java:988)
at org.testng.internal.TestMethodWorker.invokeTestMethods(TestMethodWorker.java:125)
at org.testng.internal.TestMethodWorker.run(TestMethodWorker.java:109)
at org.testng.TestRunner.privateRun(TestRunner.java:648)
at org.testng.TestRunner.run(TestRunner.java:505)
at org.testng.SuiteRunner.runTest(SuiteRunner.java:455)
at org.testng.SuiteRunner.runSequentially(SuiteRunner.java:450)
at org.testng.SuiteRunner.privateRun(SuiteRunner.java:415)
at org.testng.SuiteRunner.run(SuiteRunner.java:364)
at org.testng.SuiteRunnerWorker.runSuite(SuiteRunnerWorker.java:52)
at org.testng.SuiteRunnerWorker.run(SuiteRunnerWorker.java:84)
at org.testng.TestNG.runSuitesSequentially(TestNG.java:1208)
at org.testng.TestNG.runSuitesLocally(TestNG.java:1137)
at org.testng.TestNG.runSuites(TestNG.java:1049)
at org.testng.TestNG.run(TestNG.java:1017)
at org.testng.remote.AbstractRemoteTestNG.run(AbstractRemoteTestNG.java:115)
at org.testng.remote.RemoteTestNG.initAndRun(RemoteTestNG.java:251)
at org.testng.remote.RemoteTestNG.main(RemoteTestNG.java:77)
]]>
            </full-stacktrace>
          </exception> <!-- org.openqa.selenium.InvalidElementStateException -->
          <reporter-output>
          </reporter-output>
        </test-method> <!-- Widget -->
      </class> <!-- sanityrun.SanityCases -->
    </test> <!-- Test -->
  </suite> <!-- Suite -->
</testng-results>
